#
# There is insufficient memory for the Java Runtime Environment to continue.
# Native memory allocation (malloc) failed to allocate 1274736 bytes for Chunk::new
# Possible reasons:
#   The system is out of physical RAM or swap space
#   The process is running with CompressedOops enabled, and the Java Heap may be blocking the growth of the native heap
# Possible solutions:
#   Reduce memory load on the system
#   Increase physical memory or swap space
#   Check if swap backing store is full
#   Decrease Java heap size (-Xmx/-Xms)
#   Decrease number of Java threads
#   Decrease Java thread stack sizes (-Xss)
#   Set larger code cache with -XX:ReservedCodeCacheSize=
#   JVM is running with Unscaled Compressed Oops mode in which the Java heap is
#     placed in the first 4GB address space. The Java Heap base address is the
#     maximum limit for the native heap growth. Please use -XX:HeapBaseMinAddress
#     to set the Java Heap base and to place the Java Heap above 4GB virtual address.
# This output file may be truncated or incomplete.
#
#  Out of Memory Error (arena.cpp:197), pid=12704, tid=8304
#
# JRE version: OpenJDK Runtime Environment Corretto-11.0.28.6.1 (11.0.28+6) (build 11.0.28+6-LTS)
# Java VM: OpenJDK 64-Bit Server VM Corretto-11.0.28.6.1 (11.0.28+6-LTS, mixed mode, tiered, compressed oops, g1 gc, windows-amd64)
# No core dump will be written. Minidumps are not enabled by default on client versions of Windows
#

---------------  S U M M A R Y ------------

Command Line: --add-opens=java.base/java.util=ALL-UNNAMED --add-opens=java.base/java.lang=ALL-UNNAMED --add-opens=java.base/java.lang.invoke=ALL-UNNAMED --add-opens=java.prefs/java.util.prefs=ALL-UNNAMED --add-opens=java.base/java.nio.charset=ALL-UNNAMED --add-opens=java.base/java.net=ALL-UNNAMED --add-opens=java.base/java.util.concurrent.atomic=ALL-UNNAMED -XX:MaxMetaspaceSize=384m -XX:+HeapDumpOnOutOfMemoryError -Xms256m -Xmx512m -Dfile.encoding=UTF-8 -Duser.country=RU -Duser.language=ru -Duser.variant -javaagent:C:\Users\user\.gradle\wrapper\dists\gradle-8.8-bin\dl7vupf4psengwqhwktix4v1\gradle-8.8\lib\agents\gradle-instrumentation-agent-8.8.jar org.gradle.launcher.daemon.bootstrap.GradleDaemon 8.8

Host: Intel(R) Core(TM) i3-1005G1 CPU @ 1.20GHz, 4 cores, 7G,  Windows 10 , 64 bit Build 19041 (10.0.19041.5915)
Time: Thu Dec 11 19:04:04 2025 RTZ 2 (s 10 , 64 bit Build 19041 (10.0.19041.5915) elapsed time: 11.050580 seconds (0d 0h 0m 11s)

---------------  T H R E A D  ---------------

Current thread (0x0000026efe0ae800):  JavaThread "C2 CompilerThread0" daemon [_thread_in_native, id=8304, stack(0x0000008a17100000,0x0000008a17200000)]


Current CompileTask:
C2:  11050 5099       4       groovy.lang.MetaClassImpl$1MOPIter::methodNameAction (325 bytes)

Stack: [0x0000008a17100000,0x0000008a17200000]
Native frames: (J=compiled Java code, j=interpreted, Vv=VM code, C=native code)
V  [jvm.dll+0x6464ca]
V  [jvm.dll+0x7dad19]
V  [jvm.dll+0x7dc419]
V  [jvm.dll+0x7dcb03]
V  [jvm.dll+0x269e15]
V  [jvm.dll+0xc21dc]
V  [jvm.dll+0xc278c]
V  [jvm.dll+0x37a307]
V  [jvm.dll+0x1b3c42]
V  [jvm.dll+0x221fbf]
V  [jvm.dll+0x220e78]
V  [jvm.dll+0x19ea61]
V  [jvm.dll+0x230d29]
V  [jvm.dll+0x22ee9f]
V  [jvm.dll+0x79bf41]
V  [jvm.dll+0x794c14]
V  [jvm.dll+0x645285]
C  [ucrtbase.dll+0x21bb2]
C  [KERNEL32.DLL+0x17374]
C  [ntdll.dll+0x4cc91]


---------------  P R O C E S S  ---------------

Threads class SMR info:
_java_thread_list=0x0000026e82b01f40, length=47, elements={
0x0000026ee2836000, 0x0000026efe043800, 0x0000026efe04e800, 0x0000026efe0a4800,
0x0000026efe0a9800, 0x0000026efe0aa800, 0x0000026efe0ae800, 0x0000026efe0b4000,
0x0000026efe0bc000, 0x0000026efe216000, 0x0000026effcd4000, 0x0000026eff9e0000,
0x0000026eff773800, 0x0000026eff774000, 0x0000026effcce800, 0x0000026e808f3800,
0x0000026e808f4000, 0x0000026eff1ab000, 0x0000026eff1ac000, 0x0000026e80815000,
0x0000026e80816000, 0x0000026e80816800, 0x0000026e80812000, 0x0000026e80817800,
0x0000026e80818800, 0x0000026e80813800, 0x0000026e80812800, 0x0000026e80814800,
0x0000026e80d7e000, 0x0000026e80d82000, 0x0000026e80d7e800, 0x0000026e80d7f800,
0x0000026e80d80800, 0x0000026e80d81000, 0x0000026e80d7d000, 0x0000026e80d85000,
0x0000026e80d86000, 0x0000026e82e58000, 0x0000026e80d87000, 0x0000026e80d87800,
0x0000026e80d89800, 0x0000026e80d83800, 0x0000026e80d8a000, 0x0000026e80d84800,
0x0000026e80d8b000, 0x0000026e80d88800, 0x0000026e82cd9000
}

Java Threads: ( => current thread )
  0x0000026ee2836000 JavaThread "main" [_thread_blocked, id=10768, stack(0x0000008a16500000,0x0000008a16600000)]
  0x0000026efe043800 JavaThread "Reference Handler" daemon [_thread_blocked, id=9308, stack(0x0000008a16c00000,0x0000008a16d00000)]
  0x0000026efe04e800 JavaThread "Finalizer" daemon [_thread_blocked, id=17776, stack(0x0000008a16d00000,0x0000008a16e00000)]
  0x0000026efe0a4800 JavaThread "Signal Dispatcher" daemon [_thread_blocked, id=11368, stack(0x0000008a16e00000,0x0000008a16f00000)]
  0x0000026efe0a9800 JavaThread "Attach Listener" daemon [_thread_blocked, id=15136, stack(0x0000008a16f00000,0x0000008a17000000)]
  0x0000026efe0aa800 JavaThread "Service Thread" daemon [_thread_blocked, id=14440, stack(0x0000008a17000000,0x0000008a17100000)]
=>0x0000026efe0ae800 JavaThread "C2 CompilerThread0" daemon [_thread_in_native, id=8304, stack(0x0000008a17100000,0x0000008a17200000)]
  0x0000026efe0b4000 JavaThread "C1 CompilerThread0" daemon [_thread_blocked, id=14724, stack(0x0000008a17200000,0x0000008a17300000)]
  0x0000026efe0bc000 JavaThread "Sweeper thread" daemon [_thread_blocked, id=16908, stack(0x0000008a17300000,0x0000008a17400000)]
  0x0000026efe216000 JavaThread "Common-Cleaner" daemon [_thread_blocked, id=18204, stack(0x0000008a17400000,0x0000008a17500000)]
  0x0000026effcd4000 JavaThread "Daemon health stats" [_thread_blocked, id=16952, stack(0x0000008a17a00000,0x0000008a17b00000)]
  0x0000026eff9e0000 JavaThread "Incoming local TCP Connector on port 51318" [_thread_in_native, id=14640, stack(0x0000008a17600000,0x0000008a17700000)]
  0x0000026eff773800 JavaThread "Daemon periodic checks" [_thread_blocked, id=9116, stack(0x0000008a17b00000,0x0000008a17c00000)]
  0x0000026eff774000 JavaThread "Daemon" [_thread_blocked, id=5336, stack(0x0000008a17c00000,0x0000008a17d00000)]
  0x0000026effcce800 JavaThread "Handler for socket connection from /127.0.0.1:51318 to /127.0.0.1:51319" [_thread_in_native, id=10388, stack(0x0000008a17d00000,0x0000008a17e00000)]
  0x0000026e808f3800 JavaThread "Cancel handler" [_thread_blocked, id=15704, stack(0x0000008a17e00000,0x0000008a17f00000)]
  0x0000026e808f4000 JavaThread "Daemon worker" [_thread_in_Java, id=676, stack(0x0000008a17f00000,0x0000008a18000000)]
  0x0000026eff1ab000 JavaThread "Asynchronous log dispatcher for DefaultDaemonConnection: socket connection from /127.0.0.1:51318 to /127.0.0.1:51319" [_thread_blocked, id=17784, stack(0x0000008a18000000,0x0000008a18100000)]
  0x0000026eff1ac000 JavaThread "Stdin handler" [_thread_blocked, id=13380, stack(0x0000008a18100000,0x0000008a18200000)]
  0x0000026e80815000 JavaThread "Daemon client event forwarder" [_thread_blocked, id=13628, stack(0x0000008a18200000,0x0000008a18300000)]
  0x0000026e80816000 JavaThread "Cache worker for journal cache (C:\Users\user\.gradle\caches\journal-1)" [_thread_blocked, id=14752, stack(0x0000008a18300000,0x0000008a18400000)]
  0x0000026e80816800 JavaThread "File lock request listener" [_thread_in_native, id=18044, stack(0x0000008a18400000,0x0000008a18500000)]
  0x0000026e80812000 JavaThread "Cache worker for file hash cache (C:\Users\user\.gradle\caches\8.8\fileHashes)" [_thread_blocked, id=16532, stack(0x0000008a18500000,0x0000008a18600000)]
  0x0000026e80817800 JavaThread "Cache worker for file hash cache (C:\Users\user\IdeaProjects\MobileBankApiTest1\.gradle\8.8\fileHashes)" [_thread_blocked, id=15540, stack(0x0000008a18700000,0x0000008a18800000)]
  0x0000026e80818800 JavaThread "File watcher server" daemon [_thread_in_native, id=2840, stack(0x0000008a18800000,0x0000008a18900000)]
  0x0000026e80813800 JavaThread "File watcher consumer" daemon [_thread_blocked, id=10180, stack(0x0000008a18900000,0x0000008a18a00000)]
  0x0000026e80812800 JavaThread "jar transforms" [_thread_blocked, id=17164, stack(0x0000008a18a00000,0x0000008a18b00000)]
  0x0000026e80814800 JavaThread "jar transforms Thread 2" [_thread_blocked, id=808, stack(0x0000008a18b00000,0x0000008a18c00000)]
  0x0000026e80d7e000 JavaThread "jar transforms Thread 3" [_thread_blocked, id=11780, stack(0x0000008a18c00000,0x0000008a18d00000)]
  0x0000026e80d82000 JavaThread "jar transforms Thread 4" [_thread_blocked, id=4080, stack(0x0000008a18d00000,0x0000008a18e00000)]
  0x0000026e80d7e800 JavaThread "Cache worker for checksums cache (C:\Users\user\IdeaProjects\MobileBankApiTest1\.gradle\8.8\checksums)" [_thread_blocked, id=16864, stack(0x0000008a18e00000,0x0000008a18f00000)]
  0x0000026e80d7f800 JavaThread "Cache worker for file content cache (C:\Users\user\.gradle\caches\8.8\fileContent)" [_thread_blocked, id=16264, stack(0x0000008a18f00000,0x0000008a19000000)]
  0x0000026e80d80800 JavaThread "Cache worker for cache directory md-rule (C:\Users\user\.gradle\caches\8.8\md-rule)" [_thread_blocked, id=12760, stack(0x0000008a19000000,0x0000008a19100000)]
  0x0000026e80d81000 JavaThread "Cache worker for cache directory md-supplier (C:\Users\user\.gradle\caches\8.8\md-supplier)" [_thread_blocked, id=16364, stack(0x0000008a19100000,0x0000008a19200000)]
  0x0000026e80d7d000 JavaThread "Unconstrained build operations" [_thread_blocked, id=15420, stack(0x0000008a18600000,0x0000008a18700000)]
  0x0000026e80d85000 JavaThread "Unconstrained build operations Thread 2" [_thread_blocked, id=16972, stack(0x0000008a19200000,0x0000008a19300000)]
  0x0000026e80d86000 JavaThread "Unconstrained build operations Thread 3" [_thread_blocked, id=11848, stack(0x0000008a19300000,0x0000008a19400000)]
  0x0000026e82e58000 JavaThread "C2 CompilerThread1" daemon [_thread_in_native, id=16896, stack(0x0000008a19400000,0x0000008a19500000)]
  0x0000026e80d87000 JavaThread "Unconstrained build operations Thread 4" [_thread_blocked, id=15096, stack(0x0000008a19500000,0x0000008a19600000)]
  0x0000026e80d87800 JavaThread "Unconstrained build operations Thread 5" [_thread_blocked, id=10652, stack(0x0000008a19600000,0x0000008a19700000)]
  0x0000026e80d89800 JavaThread "Unconstrained build operations Thread 6" [_thread_blocked, id=17788, stack(0x0000008a19700000,0x0000008a19800000)]
  0x0000026e80d83800 JavaThread "Unconstrained build operations Thread 7" [_thread_blocked, id=17336, stack(0x0000008a19800000,0x0000008a19900000)]
  0x0000026e80d8a000 JavaThread "Unconstrained build operations Thread 8" [_thread_blocked, id=14664, stack(0x0000008a19900000,0x0000008a19a00000)]
  0x0000026e80d84800 JavaThread "Unconstrained build operations Thread 9" [_thread_blocked, id=13352, stack(0x0000008a19a00000,0x0000008a19b00000)]
  0x0000026e80d8b000 JavaThread "Unconstrained build operations Thread 10" [_thread_blocked, id=6536, stack(0x0000008a19b00000,0x0000008a19c00000)]
  0x0000026e80d88800 JavaThread "Unconstrained build operations Thread 11" [_thread_blocked, id=11904, stack(0x0000008a19c00000,0x0000008a19d00000)]
  0x0000026e82cd9000 JavaThread "Unconstrained build operations Thread 12" [_thread_blocked, id=18420, stack(0x0000008a19d00000,0x0000008a19e00000)]

Other Threads:
  0x0000026efd81d800 VMThread "VM Thread" [stack: 0x0000008a16b00000,0x0000008a16c00000] [id=10740]
  0x0000026efe3c8800 WatcherThread [stack: 0x0000008a17500000,0x0000008a17600000] [id=15352]
  0x0000026ee2850800 GCTaskThread "GC Thread#0" [stack: 0x0000008a16600000,0x0000008a16700000] [id=14864]
  0x0000026efe36e000 GCTaskThread "GC Thread#1" [stack: 0x0000008a17700000,0x0000008a17800000] [id=668]
  0x0000026efe393000 GCTaskThread "GC Thread#2" [stack: 0x0000008a17800000,0x0000008a17900000] [id=14668]
  0x0000026efe394000 GCTaskThread "GC Thread#3" [stack: 0x0000008a17900000,0x0000008a17a00000] [id=15932]
  0x0000026ee2862000 ConcurrentGCThread "G1 Main Marker" [stack: 0x0000008a16700000,0x0000008a16800000] [id=17100]
  0x0000026ee06da000 ConcurrentGCThread "G1 Conc#0" [stack: 0x0000008a16800000,0x0000008a16900000] [id=7216]
  0x0000026efd6b1000 ConcurrentGCThread "G1 Refine#0" [stack: 0x0000008a16900000,0x0000008a16a00000] [id=18144]
  0x0000026efd6b2000 ConcurrentGCThread "G1 Young RemSet Sampling" [stack: 0x0000008a16a00000,0x0000008a16b00000] [id=18416]

Threads with active compile tasks:
C2 CompilerThread0    11102 5099       4       groovy.lang.MetaClassImpl$1MOPIter::methodNameAction (325 bytes)
C2 CompilerThread1    11102 5175       4       org.gradle.internal.reflect.MethodSet::add (50 bytes)

VM state:not at safepoint (normal execution)

VM Mutex/Monitor currently owned by a thread: None

Heap address: 0x00000000e0000000, size: 512 MB, Compressed Oops mode: 32-bit
Narrow klass base: 0x0000000000000000, Narrow klass shift: 3
Compressed class space size: 394264576 Address: 0x0000000100000000

Heap:
 garbage-first heap   total 262144K, used 190045K [0x00000000e0000000, 0x0000000100000000)
  region size 1024K, 125 young (128000K), 15 survivors (15360K)
 Metaspace       used 53948K, capacity 55899K, committed 56140K, reserved 434176K
  class space    used 6912K, capacity 7622K, committed 7756K, reserved 385024K
Heap Regions: E=young(eden), S=young(survivor), O=old, HS=humongous(starts), HC=humongous(continues), CS=collection set, F=free, A=archive, TAMS=top-at-mark-start (previous, next)
|   0|0x00000000e0000000, 0x00000000e0100000, 0x00000000e0100000|100%|HS|  |TAMS 0x00000000e0100000, 0x00000000e0000000| Complete 
|   1|0x00000000e0100000, 0x00000000e0200000, 0x00000000e0200000|100%|HC|  |TAMS 0x00000000e0200000, 0x00000000e0100000| Complete 
|   2|0x00000000e0200000, 0x00000000e0300000, 0x00000000e0300000|100%|HC|  |TAMS 0x00000000e0300000, 0x00000000e0200000| Complete 
|   3|0x00000000e0300000, 0x00000000e0400000, 0x00000000e0400000|100%|HC|  |TAMS 0x00000000e0400000, 0x00000000e0300000| Complete 
|   4|0x00000000e0400000, 0x00000000e0500000, 0x00000000e0500000|100%|HS|  |TAMS 0x00000000e0500000, 0x00000000e0400000| Complete 
|   5|0x00000000e0500000, 0x00000000e0600000, 0x00000000e0600000|100%| O|  |TAMS 0x00000000e0600000, 0x00000000e0500000| Untracked 
|   6|0x00000000e0600000, 0x00000000e0700000, 0x00000000e0700000|100%| O|  |TAMS 0x00000000e0700000, 0x00000000e0600000| Untracked 
|   7|0x00000000e0700000, 0x00000000e0800000, 0x00000000e0800000|100%| O|  |TAMS 0x00000000e0800000, 0x00000000e0700000| Untracked 
|   8|0x00000000e0800000, 0x00000000e0900000, 0x00000000e0900000|100%| O|  |TAMS 0x00000000e0900000, 0x00000000e0800000| Untracked 
|   9|0x00000000e0900000, 0x00000000e0a00000, 0x00000000e0a00000|100%| O|  |TAMS 0x00000000e0a00000, 0x00000000e0900000| Untracked 
|  10|0x00000000e0a00000, 0x00000000e0b00000, 0x00000000e0b00000|100%| O|  |TAMS 0x00000000e0b00000, 0x00000000e0a00000| Untracked 
|  11|0x00000000e0b00000, 0x00000000e0c00000, 0x00000000e0c00000|100%| O|  |TAMS 0x00000000e0c00000, 0x00000000e0b00000| Untracked 
|  12|0x00000000e0c00000, 0x00000000e0d00000, 0x00000000e0d00000|100%| O|  |TAMS 0x00000000e0d00000, 0x00000000e0c00000| Untracked 
|  13|0x00000000e0d00000, 0x00000000e0e00000, 0x00000000e0e00000|100%| O|  |TAMS 0x00000000e0e00000, 0x00000000e0d00000| Untracked 
|  14|0x00000000e0e00000, 0x00000000e0f00000, 0x00000000e0f00000|100%| O|  |TAMS 0x00000000e0f00000, 0x00000000e0e00000| Untracked 
|  15|0x00000000e0f00000, 0x00000000e1000000, 0x00000000e1000000|100%| O|  |TAMS 0x00000000e1000000, 0x00000000e0f00000| Untracked 
|  16|0x00000000e1000000, 0x00000000e1100000, 0x00000000e1100000|100%| O|  |TAMS 0x00000000e1100000, 0x00000000e1000000| Untracked 
|  17|0x00000000e1100000, 0x00000000e1200000, 0x00000000e1200000|100%| O|  |TAMS 0x00000000e1200000, 0x00000000e1100000| Untracked 
|  18|0x00000000e1200000, 0x00000000e12a1600, 0x00000000e1300000| 63%| O|  |TAMS 0x00000000e12a1600, 0x00000000e1200000| Untracked 
|  19|0x00000000e1300000, 0x00000000e1400000, 0x00000000e1400000|100%|HS|  |TAMS 0x00000000e1400000, 0x00000000e1300000| Complete 
|  20|0x00000000e1400000, 0x00000000e1500000, 0x00000000e1500000|100%|HC|  |TAMS 0x00000000e1500000, 0x00000000e1400000| Complete 
|  21|0x00000000e1500000, 0x00000000e1600000, 0x00000000e1600000|100%|HC|  |TAMS 0x00000000e1600000, 0x00000000e1500000| Complete 
|  22|0x00000000e1600000, 0x00000000e1700000, 0x00000000e1700000|100%|HC|  |TAMS 0x00000000e1700000, 0x00000000e1600000| Complete 
|  23|0x00000000e1700000, 0x00000000e1800000, 0x00000000e1800000|100%|HC|  |TAMS 0x00000000e1800000, 0x00000000e1700000| Complete 
|  24|0x00000000e1800000, 0x00000000e1900000, 0x00000000e1900000|100%|HC|  |TAMS 0x00000000e1900000, 0x00000000e1800000| Complete 
|  25|0x00000000e1900000, 0x00000000e1a00000, 0x00000000e1a00000|100%|HS|  |TAMS 0x00000000e1a00000, 0x00000000e1900000| Complete 
|  26|0x00000000e1a00000, 0x00000000e1b00000, 0x00000000e1b00000|100%|HS|  |TAMS 0x00000000e1b00000, 0x00000000e1a00000| Complete 
|  27|0x00000000e1b00000, 0x00000000e1c00000, 0x00000000e1c00000|100%|HC|  |TAMS 0x00000000e1c00000, 0x00000000e1b00000| Complete 
|  28|0x00000000e1c00000, 0x00000000e1d00000, 0x00000000e1d00000|100%|HS|  |TAMS 0x00000000e1d00000, 0x00000000e1c00000| Complete 
|  29|0x00000000e1d00000, 0x00000000e1e00000, 0x00000000e1e00000|100%|HS|  |TAMS 0x00000000e1e00000, 0x00000000e1d00000| Complete 
|  30|0x00000000e1e00000, 0x00000000e1f00000, 0x00000000e1f00000|100%|HC|  |TAMS 0x00000000e1f00000, 0x00000000e1e00000| Complete 
|  31|0x00000000e1f00000, 0x00000000e2000000, 0x00000000e2000000|100%|HC|  |TAMS 0x00000000e2000000, 0x00000000e1f00000| Complete 
|  32|0x00000000e2000000, 0x00000000e2100000, 0x00000000e2100000|100%|HS|  |TAMS 0x00000000e2100000, 0x00000000e2000000| Complete 
|  33|0x00000000e2100000, 0x00000000e2200000, 0x00000000e2200000|100%|HC|  |TAMS 0x00000000e2200000, 0x00000000e2100000| Complete 
|  34|0x00000000e2200000, 0x00000000e2300000, 0x00000000e2300000|100%|HC|  |TAMS 0x00000000e2300000, 0x00000000e2200000| Complete 
|  35|0x00000000e2300000, 0x00000000e2400000, 0x00000000e2400000|100%|HC|  |TAMS 0x00000000e2400000, 0x00000000e2300000| Complete 
|  36|0x00000000e2400000, 0x00000000e2500000, 0x00000000e2500000|100%|HC|  |TAMS 0x00000000e2500000, 0x00000000e2400000| Complete 
|  37|0x00000000e2500000, 0x00000000e2600000, 0x00000000e2600000|100%|HC|  |TAMS 0x00000000e2600000, 0x00000000e2500000| Complete 
|  38|0x00000000e2600000, 0x00000000e2700000, 0x00000000e2700000|100%|HS|  |TAMS 0x00000000e2700000, 0x00000000e2600000| Complete 
|  39|0x00000000e2700000, 0x00000000e2800000, 0x00000000e2800000|100%|HS|  |TAMS 0x00000000e2800000, 0x00000000e2700000| Complete 
|  40|0x00000000e2800000, 0x00000000e2900000, 0x00000000e2900000|100%|HC|  |TAMS 0x00000000e2900000, 0x00000000e2800000| Complete 
|  41|0x00000000e2900000, 0x00000000e2a00000, 0x00000000e2a00000|100%|HS|  |TAMS 0x00000000e2a00000, 0x00000000e2900000| Complete 
|  42|0x00000000e2a00000, 0x00000000e2b00000, 0x00000000e2b00000|100%|HS|  |TAMS 0x00000000e2b00000, 0x00000000e2a00000| Complete 
|  43|0x00000000e2b00000, 0x00000000e2c00000, 0x00000000e2c00000|100%|HC|  |TAMS 0x00000000e2c00000, 0x00000000e2b00000| Complete 
|  44|0x00000000e2c00000, 0x00000000e2d00000, 0x00000000e2d00000|100%|HC|  |TAMS 0x00000000e2d00000, 0x00000000e2c00000| Complete 
|  45|0x00000000e2d00000, 0x00000000e2e00000, 0x00000000e2e00000|100%|HS|  |TAMS 0x00000000e2d00000, 0x00000000e2d00000| Complete 
|  46|0x00000000e2e00000, 0x00000000e2f00000, 0x00000000e2f00000|100%|HC|  |TAMS 0x00000000e2e00000, 0x00000000e2e00000| Complete 
|  47|0x00000000e2f00000, 0x00000000e3000000, 0x00000000e3000000|100%|HS|  |TAMS 0x00000000e2f00000, 0x00000000e2f00000| Complete 
|  48|0x00000000e3000000, 0x00000000e3100000, 0x00000000e3100000|100%|HC|  |TAMS 0x00000000e3000000, 0x00000000e3000000| Complete 
|  49|0x00000000e3100000, 0x00000000e3200000, 0x00000000e3200000|100%|HC|  |TAMS 0x00000000e3100000, 0x00000000e3100000| Complete 
|  50|0x00000000e3200000, 0x00000000e3300000, 0x00000000e3300000|100%|HC|  |TAMS 0x00000000e3200000, 0x00000000e3200000| Complete 
|  51|0x00000000e3300000, 0x00000000e3400000, 0x00000000e3400000|100%|HC|  |TAMS 0x00000000e3300000, 0x00000000e3300000| Complete 
|  52|0x00000000e3400000, 0x00000000e3500000, 0x00000000e3500000|100%|HC|  |TAMS 0x00000000e3400000, 0x00000000e3400000| Complete 
|  53|0x00000000e3500000, 0x00000000e3600000, 0x00000000e3600000|100%|HS|  |TAMS 0x00000000e3500000, 0x00000000e3500000| Complete 
|  54|0x00000000e3600000, 0x00000000e3700000, 0x00000000e3700000|100%|HS|  |TAMS 0x00000000e3600000, 0x00000000e3600000| Complete 
|  55|0x00000000e3700000, 0x00000000e3800000, 0x00000000e3800000|100%|HC|  |TAMS 0x00000000e3700000, 0x00000000e3700000| Complete 
|  56|0x00000000e3800000, 0x00000000e3900000, 0x00000000e3900000|100%|HC|  |TAMS 0x00000000e3800000, 0x00000000e3800000| Complete 
|  57|0x00000000e3900000, 0x00000000e3a00000, 0x00000000e3a00000|100%|HC|  |TAMS 0x00000000e3900000, 0x00000000e3900000| Complete 
|  58|0x00000000e3a00000, 0x00000000e3b00000, 0x00000000e3b00000|100%|HC|  |TAMS 0x00000000e3a00000, 0x00000000e3a00000| Complete 
|  59|0x00000000e3b00000, 0x00000000e3c00000, 0x00000000e3c00000|100%|HC|  |TAMS 0x00000000e3b00000, 0x00000000e3b00000| Complete 
|  60|0x00000000e3c00000, 0x00000000e3d00000, 0x00000000e3d00000|100%|HS|  |TAMS 0x00000000e3c00000, 0x00000000e3c00000| Complete 
|  61|0x00000000e3d00000, 0x00000000e3e00000, 0x00000000e3e00000|100%|HS|  |TAMS 0x00000000e3d00000, 0x00000000e3d00000| Complete 
|  62|0x00000000e3e00000, 0x00000000e3f00000, 0x00000000e3f00000|100%|HS|  |TAMS 0x00000000e3e00000, 0x00000000e3e00000| Complete 
|  63|0x00000000e3f00000, 0x00000000e3f00000, 0x00000000e4000000|  0%| F|  |TAMS 0x00000000e3f00000, 0x00000000e3f00000| Untracked 
|  64|0x00000000e4000000, 0x00000000e4000000, 0x00000000e4100000|  0%| F|  |TAMS 0x00000000e4000000, 0x00000000e4000000| Untracked 
|  65|0x00000000e4100000, 0x00000000e4100000, 0x00000000e4200000|  0%| F|  |TAMS 0x00000000e4100000, 0x00000000e4100000| Untracked 
|  66|0x00000000e4200000, 0x00000000e4200000, 0x00000000e4300000|  0%| F|  |TAMS 0x00000000e4200000, 0x00000000e4200000| Untracked 
|  67|0x00000000e4300000, 0x00000000e4300000, 0x00000000e4400000|  0%| F|  |TAMS 0x00000000e4300000, 0x00000000e4300000| Untracked 
|  68|0x00000000e4400000, 0x00000000e4400000, 0x00000000e4500000|  0%| F|  |TAMS 0x00000000e4400000, 0x00000000e4400000| Untracked 
|  69|0x00000000e4500000, 0x00000000e4500000, 0x00000000e4600000|  0%| F|  |TAMS 0x00000000e4500000, 0x00000000e4500000| Untracked 
|  70|0x00000000e4600000, 0x00000000e4600000, 0x00000000e4700000|  0%| F|  |TAMS 0x00000000e4600000, 0x00000000e4600000| Untracked 
|  71|0x00000000e4700000, 0x00000000e4700000, 0x00000000e4800000|  0%| F|  |TAMS 0x00000000e4700000, 0x00000000e4700000| Untracked 
|  72|0x00000000e4800000, 0x00000000e4800000, 0x00000000e4900000|  0%| F|  |TAMS 0x00000000e4800000, 0x00000000e4800000| Untracked 
|  73|0x00000000e4900000, 0x00000000e4900000, 0x00000000e4a00000|  0%| F|  |TAMS 0x00000000e4900000, 0x00000000e4900000| Untracked 
|  74|0x00000000e4a00000, 0x00000000e4a00000, 0x00000000e4b00000|  0%| F|  |TAMS 0x00000000e4a00000, 0x00000000e4a00000| Untracked 
|  75|0x00000000e4b00000, 0x00000000e4b00000, 0x00000000e4c00000|  0%| F|  |TAMS 0x00000000e4b00000, 0x00000000e4b00000| Untracked 
|  76|0x00000000e4c00000, 0x00000000e4c00000, 0x00000000e4d00000|  0%| F|  |TAMS 0x00000000e4c00000, 0x00000000e4c00000| Untracked 
|  77|0x00000000e4d00000, 0x00000000e4d00000, 0x00000000e4e00000|  0%| F|  |TAMS 0x00000000e4d00000, 0x00000000e4d00000| Untracked 
|  78|0x00000000e4e00000, 0x00000000e4e00000, 0x00000000e4f00000|  0%| F|  |TAMS 0x00000000e4e00000, 0x00000000e4e00000| Untracked 
|  79|0x00000000e4f00000, 0x00000000e4f00000, 0x00000000e5000000|  0%| F|  |TAMS 0x00000000e4f00000, 0x00000000e4f00000| Untracked 
|  80|0x00000000e5000000, 0x00000000e5000000, 0x00000000e5100000|  0%| F|  |TAMS 0x00000000e5000000, 0x00000000e5000000| Untracked 
|  81|0x00000000e5100000, 0x00000000e5100000, 0x00000000e5200000|  0%| F|  |TAMS 0x00000000e5100000, 0x00000000e5100000| Untracked 
|  82|0x00000000e5200000, 0x00000000e5200000, 0x00000000e5300000|  0%| F|  |TAMS 0x00000000e5200000, 0x00000000e5200000| Untracked 
|  83|0x00000000e5300000, 0x00000000e5300000, 0x00000000e5400000|  0%| F|  |TAMS 0x00000000e5300000, 0x00000000e5300000| Untracked 
|  84|0x00000000e5400000, 0x00000000e5400000, 0x00000000e5500000|  0%| F|  |TAMS 0x00000000e5400000, 0x00000000e5400000| Untracked 
|  85|0x00000000e5500000, 0x00000000e5500000, 0x00000000e5600000|  0%| F|  |TAMS 0x00000000e5500000, 0x00000000e5500000| Untracked 
|  86|0x00000000e5600000, 0x00000000e5600000, 0x00000000e5700000|  0%| F|  |TAMS 0x00000000e5600000, 0x00000000e5600000| Untracked 
|  87|0x00000000e5700000, 0x00000000e5700000, 0x00000000e5800000|  0%| F|  |TAMS 0x00000000e5700000, 0x00000000e5700000| Untracked 
|  88|0x00000000e5800000, 0x00000000e5800000, 0x00000000e5900000|  0%| F|  |TAMS 0x00000000e5800000, 0x00000000e5800000| Untracked 
|  89|0x00000000e5900000, 0x00000000e5900000, 0x00000000e5a00000|  0%| F|  |TAMS 0x00000000e5900000, 0x00000000e5900000| Untracked 
|  90|0x00000000e5a00000, 0x00000000e5a00000, 0x00000000e5b00000|  0%| F|  |TAMS 0x00000000e5a00000, 0x00000000e5a00000| Untracked 
|  91|0x00000000e5b00000, 0x00000000e5b00000, 0x00000000e5c00000|  0%| F|  |TAMS 0x00000000e5b00000, 0x00000000e5b00000| Untracked 
|  92|0x00000000e5c00000, 0x00000000e5c00000, 0x00000000e5d00000|  0%| F|  |TAMS 0x00000000e5c00000, 0x00000000e5c00000| Untracked 
|  93|0x00000000e5d00000, 0x00000000e5d00000, 0x00000000e5e00000|  0%| F|  |TAMS 0x00000000e5d00000, 0x00000000e5d00000| Untracked 
|  94|0x00000000e5e00000, 0x00000000e5e00000, 0x00000000e5f00000|  0%| F|  |TAMS 0x00000000e5e00000, 0x00000000e5e00000| Untracked 
|  95|0x00000000e5f00000, 0x00000000e5f00000, 0x00000000e6000000|  0%| F|  |TAMS 0x00000000e5f00000, 0x00000000e5f00000| Untracked 
|  96|0x00000000e6000000, 0x00000000e6000000, 0x00000000e6100000|  0%| F|  |TAMS 0x00000000e6000000, 0x00000000e6000000| Untracked 
|  97|0x00000000e6100000, 0x00000000e6100000, 0x00000000e6200000|  0%| F|  |TAMS 0x00000000e6100000, 0x00000000e6100000| Untracked 
|  98|0x00000000e6200000, 0x00000000e6200000, 0x00000000e6300000|  0%| F|  |TAMS 0x00000000e6200000, 0x00000000e6200000| Untracked 
|  99|0x00000000e6300000, 0x00000000e6300000, 0x00000000e6400000|  0%| F|  |TAMS 0x00000000e6300000, 0x00000000e6300000| Untracked 
| 100|0x00000000e6400000, 0x00000000e6400000, 0x00000000e6500000|  0%| F|  |TAMS 0x00000000e6400000, 0x00000000e6400000| Untracked 
| 101|0x00000000e6500000, 0x00000000e6500000, 0x00000000e6600000|  0%| F|  |TAMS 0x00000000e6500000, 0x00000000e6500000| Untracked 
| 102|0x00000000e6600000, 0x00000000e6600000, 0x00000000e6700000|  0%| F|  |TAMS 0x00000000e6600000, 0x00000000e6600000| Untracked 
| 103|0x00000000e6700000, 0x00000000e6700000, 0x00000000e6800000|  0%| F|  |TAMS 0x00000000e6700000, 0x00000000e6700000| Untracked 
| 104|0x00000000e6800000, 0x00000000e6800000, 0x00000000e6900000|  0%| F|  |TAMS 0x00000000e6800000, 0x00000000e6800000| Untracked 
| 105|0x00000000e6900000, 0x00000000e6900000, 0x00000000e6a00000|  0%| F|  |TAMS 0x00000000e6900000, 0x00000000e6900000| Untracked 
| 106|0x00000000e6a00000, 0x00000000e6af5e10, 0x00000000e6b00000| 96%| S|CS|TAMS 0x00000000e6a00000, 0x00000000e6a00000| Complete 
| 107|0x00000000e6b00000, 0x00000000e6c00000, 0x00000000e6c00000|100%| S|CS|TAMS 0x00000000e6b00000, 0x00000000e6b00000| Complete 
| 108|0x00000000e6c00000, 0x00000000e6d00000, 0x00000000e6d00000|100%| S|CS|TAMS 0x00000000e6c00000, 0x00000000e6c00000| Complete 
| 109|0x00000000e6d00000, 0x00000000e6e00000, 0x00000000e6e00000|100%| S|CS|TAMS 0x00000000e6d00000, 0x00000000e6d00000| Complete 
| 110|0x00000000e6e00000, 0x00000000e6f00000, 0x00000000e6f00000|100%| S|CS|TAMS 0x00000000e6e00000, 0x00000000e6e00000| Complete 
| 111|0x00000000e6f00000, 0x00000000e7000000, 0x00000000e7000000|100%| S|CS|TAMS 0x00000000e6f00000, 0x00000000e6f00000| Complete 
| 112|0x00000000e7000000, 0x00000000e7100000, 0x00000000e7100000|100%| S|CS|TAMS 0x00000000e7000000, 0x00000000e7000000| Complete 
| 113|0x00000000e7100000, 0x00000000e7200000, 0x00000000e7200000|100%| S|CS|TAMS 0x00000000e7100000, 0x00000000e7100000| Complete 
| 114|0x00000000e7200000, 0x00000000e7300000, 0x00000000e7300000|100%| S|CS|TAMS 0x00000000e7200000, 0x00000000e7200000| Complete 
| 115|0x00000000e7300000, 0x00000000e7400000, 0x00000000e7400000|100%| S|CS|TAMS 0x00000000e7300000, 0x00000000e7300000| Complete 
| 116|0x00000000e7400000, 0x00000000e7500000, 0x00000000e7500000|100%| S|CS|TAMS 0x00000000e7400000, 0x00000000e7400000| Complete 
| 117|0x00000000e7500000, 0x00000000e7600000, 0x00000000e7600000|100%| S|CS|TAMS 0x00000000e7500000, 0x00000000e7500000| Complete 
| 118|0x00000000e7600000, 0x00000000e7700000, 0x00000000e7700000|100%| S|CS|TAMS 0x00000000e7600000, 0x00000000e7600000| Complete 
| 119|0x00000000e7700000, 0x00000000e7800000, 0x00000000e7800000|100%| S|CS|TAMS 0x00000000e7700000, 0x00000000e7700000| Complete 
| 120|0x00000000e7800000, 0x00000000e7900000, 0x00000000e7900000|100%| S|CS|TAMS 0x00000000e7800000, 0x00000000e7800000| Complete 
| 121|0x00000000e7900000, 0x00000000e7900000, 0x00000000e7a00000|  0%| F|  |TAMS 0x00000000e7900000, 0x00000000e7900000| Untracked 
| 122|0x00000000e7a00000, 0x00000000e7a00000, 0x00000000e7b00000|  0%| F|  |TAMS 0x00000000e7a00000, 0x00000000e7a00000| Untracked 
| 123|0x00000000e7b00000, 0x00000000e7b00000, 0x00000000e7c00000|  0%| F|  |TAMS 0x00000000e7b00000, 0x00000000e7b00000| Untracked 
| 124|0x00000000e7c00000, 0x00000000e7c00000, 0x00000000e7d00000|  0%| F|  |TAMS 0x00000000e7c00000, 0x00000000e7c00000| Untracked 
| 125|0x00000000e7d00000, 0x00000000e7d00000, 0x00000000e7e00000|  0%| F|  |TAMS 0x00000000e7d00000, 0x00000000e7d00000| Untracked 
| 126|0x00000000e7e00000, 0x00000000e7e00000, 0x00000000e7f00000|  0%| F|  |TAMS 0x00000000e7e00000, 0x00000000e7e00000| Untracked 
| 127|0x00000000e7f00000, 0x00000000e7f00000, 0x00000000e8000000|  0%| F|  |TAMS 0x00000000e7f00000, 0x00000000e7f00000| Untracked 
| 128|0x00000000e8000000, 0x00000000e8000000, 0x00000000e8100000|  0%| F|  |TAMS 0x00000000e8000000, 0x00000000e8000000| Untracked 
| 129|0x00000000e8100000, 0x00000000e8100000, 0x00000000e8200000|  0%| F|  |TAMS 0x00000000e8100000, 0x00000000e8100000| Untracked 
| 130|0x00000000e8200000, 0x00000000e8200000, 0x00000000e8300000|  0%| F|  |TAMS 0x00000000e8200000, 0x00000000e8200000| Untracked 
| 131|0x00000000e8300000, 0x00000000e8300000, 0x00000000e8400000|  0%| F|  |TAMS 0x00000000e8300000, 0x00000000e8300000| Untracked 
| 132|0x00000000e8400000, 0x00000000e8400000, 0x00000000e8500000|  0%| F|  |TAMS 0x00000000e8400000, 0x00000000e8400000| Untracked 
| 133|0x00000000e8500000, 0x00000000e8500000, 0x00000000e8600000|  0%| F|  |TAMS 0x00000000e8500000, 0x00000000e8500000| Untracked 
| 134|0x00000000e8600000, 0x00000000e8600000, 0x00000000e8700000|  0%| F|  |TAMS 0x00000000e8600000, 0x00000000e8600000| Untracked 
| 135|0x00000000e8700000, 0x00000000e8700000, 0x00000000e8800000|  0%| F|  |TAMS 0x00000000e8700000, 0x00000000e8700000| Untracked 
| 136|0x00000000e8800000, 0x00000000e8800000, 0x00000000e8900000|  0%| F|  |TAMS 0x00000000e8800000, 0x00000000e8800000| Untracked 
| 137|0x00000000e8900000, 0x00000000e8900000, 0x00000000e8a00000|  0%| F|  |TAMS 0x00000000e8900000, 0x00000000e8900000| Untracked 
| 138|0x00000000e8a00000, 0x00000000e8a00000, 0x00000000e8b00000|  0%| F|  |TAMS 0x00000000e8a00000, 0x00000000e8a00000| Untracked 
| 139|0x00000000e8b00000, 0x00000000e8b00000, 0x00000000e8c00000|  0%| F|  |TAMS 0x00000000e8b00000, 0x00000000e8b00000| Untracked 
| 140|0x00000000e8c00000, 0x00000000e8c00000, 0x00000000e8d00000|  0%| F|  |TAMS 0x00000000e8c00000, 0x00000000e8c00000| Untracked 
| 141|0x00000000e8d00000, 0x00000000e8d00000, 0x00000000e8e00000|  0%| F|  |TAMS 0x00000000e8d00000, 0x00000000e8d00000| Untracked 
| 142|0x00000000e8e00000, 0x00000000e8e00000, 0x00000000e8f00000|  0%| F|  |TAMS 0x00000000e8e00000, 0x00000000e8e00000| Untracked 
| 143|0x00000000e8f00000, 0x00000000e8f00000, 0x00000000e9000000|  0%| F|  |TAMS 0x00000000e8f00000, 0x00000000e8f00000| Untracked 
| 144|0x00000000e9000000, 0x00000000e9000000, 0x00000000e9100000|  0%| F|  |TAMS 0x00000000e9000000, 0x00000000e9000000| Untracked 
| 145|0x00000000e9100000, 0x00000000e9180800, 0x00000000e9200000| 50%| E|  |TAMS 0x00000000e9100000, 0x00000000e9100000| Complete 
| 146|0x00000000e9200000, 0x00000000e9300000, 0x00000000e9300000|100%| E|CS|TAMS 0x00000000e9200000, 0x00000000e9200000| Complete 
| 147|0x00000000e9300000, 0x00000000e9400000, 0x00000000e9400000|100%| E|CS|TAMS 0x00000000e9300000, 0x00000000e9300000| Complete 
| 148|0x00000000e9400000, 0x00000000e9500000, 0x00000000e9500000|100%| E|CS|TAMS 0x00000000e9400000, 0x00000000e9400000| Complete 
| 149|0x00000000e9500000, 0x00000000e9600000, 0x00000000e9600000|100%| E|CS|TAMS 0x00000000e9500000, 0x00000000e9500000| Complete 
| 150|0x00000000e9600000, 0x00000000e9700000, 0x00000000e9700000|100%| E|CS|TAMS 0x00000000e9600000, 0x00000000e9600000| Complete 
| 151|0x00000000e9700000, 0x00000000e9800000, 0x00000000e9800000|100%| E|CS|TAMS 0x00000000e9700000, 0x00000000e9700000| Complete 
| 152|0x00000000e9800000, 0x00000000e9900000, 0x00000000e9900000|100%| E|CS|TAMS 0x00000000e9800000, 0x00000000e9800000| Complete 
| 153|0x00000000e9900000, 0x00000000e9a00000, 0x00000000e9a00000|100%| E|CS|TAMS 0x00000000e9900000, 0x00000000e9900000| Complete 
| 154|0x00000000e9a00000, 0x00000000e9b00000, 0x00000000e9b00000|100%| E|CS|TAMS 0x00000000e9a00000, 0x00000000e9a00000| Complete 
| 155|0x00000000e9b00000, 0x00000000e9c00000, 0x00000000e9c00000|100%| E|CS|TAMS 0x00000000e9b00000, 0x00000000e9b00000| Complete 
| 156|0x00000000e9c00000, 0x00000000e9d00000, 0x00000000e9d00000|100%| E|CS|TAMS 0x00000000e9c00000, 0x00000000e9c00000| Complete 
| 157|0x00000000e9d00000, 0x00000000e9e00000, 0x00000000e9e00000|100%| E|CS|TAMS 0x00000000e9d00000, 0x00000000e9d00000| Complete 
| 158|0x00000000e9e00000, 0x00000000e9f00000, 0x00000000e9f00000|100%| E|CS|TAMS 0x00000000e9e00000, 0x00000000e9e00000| Complete 
| 159|0x00000000e9f00000, 0x00000000ea000000, 0x00000000ea000000|100%| E|CS|TAMS 0x00000000e9f00000, 0x00000000e9f00000| Complete 
| 160|0x00000000ea000000, 0x00000000ea100000, 0x00000000ea100000|100%| E|CS|TAMS 0x00000000ea000000, 0x00000000ea000000| Complete 
| 161|0x00000000ea100000, 0x00000000ea200000, 0x00000000ea200000|100%| E|CS|TAMS 0x00000000ea100000, 0x00000000ea100000| Complete 
| 162|0x00000000ea200000, 0x00000000ea300000, 0x00000000ea300000|100%| E|CS|TAMS 0x00000000ea200000, 0x00000000ea200000| Complete 
| 163|0x00000000ea300000, 0x00000000ea400000, 0x00000000ea400000|100%| E|CS|TAMS 0x00000000ea300000, 0x00000000ea300000| Complete 
| 164|0x00000000ea400000, 0x00000000ea500000, 0x00000000ea500000|100%| E|CS|TAMS 0x00000000ea400000, 0x00000000ea400000| Complete 
| 165|0x00000000ea500000, 0x00000000ea600000, 0x00000000ea600000|100%| E|CS|TAMS 0x00000000ea500000, 0x00000000ea500000| Complete 
| 166|0x00000000ea600000, 0x00000000ea700000, 0x00000000ea700000|100%| E|CS|TAMS 0x00000000ea600000, 0x00000000ea600000| Complete 
| 167|0x00000000ea700000, 0x00000000ea800000, 0x00000000ea800000|100%| E|CS|TAMS 0x00000000ea700000, 0x00000000ea700000| Complete 
| 168|0x00000000ea800000, 0x00000000ea900000, 0x00000000ea900000|100%| E|CS|TAMS 0x00000000ea800000, 0x00000000ea800000| Complete 
| 169|0x00000000ea900000, 0x00000000eaa00000, 0x00000000eaa00000|100%| E|CS|TAMS 0x00000000ea900000, 0x00000000ea900000| Complete 
| 170|0x00000000eaa00000, 0x00000000eab00000, 0x00000000eab00000|100%| E|CS|TAMS 0x00000000eaa00000, 0x00000000eaa00000| Complete 
| 171|0x00000000eab00000, 0x00000000eac00000, 0x00000000eac00000|100%| E|CS|TAMS 0x00000000eab00000, 0x00000000eab00000| Complete 
| 172|0x00000000eac00000, 0x00000000ead00000, 0x00000000ead00000|100%| E|CS|TAMS 0x00000000eac00000, 0x00000000eac00000| Complete 
| 173|0x00000000ead00000, 0x00000000eae00000, 0x00000000eae00000|100%| E|CS|TAMS 0x00000000ead00000, 0x00000000ead00000| Complete 
| 174|0x00000000eae00000, 0x00000000eaf00000, 0x00000000eaf00000|100%| E|CS|TAMS 0x00000000eae00000, 0x00000000eae00000| Complete 
| 175|0x00000000eaf00000, 0x00000000eb000000, 0x00000000eb000000|100%| E|  |TAMS 0x00000000eaf00000, 0x00000000eaf00000| Complete 
| 176|0x00000000eb000000, 0x00000000eb100000, 0x00000000eb100000|100%| E|CS|TAMS 0x00000000eb000000, 0x00000000eb000000| Complete 
| 177|0x00000000eb100000, 0x00000000eb200000, 0x00000000eb200000|100%| E|CS|TAMS 0x00000000eb100000, 0x00000000eb100000| Complete 
| 178|0x00000000eb200000, 0x00000000eb300000, 0x00000000eb300000|100%| E|CS|TAMS 0x00000000eb200000, 0x00000000eb200000| Complete 
| 179|0x00000000eb300000, 0x00000000eb400000, 0x00000000eb400000|100%| E|CS|TAMS 0x00000000eb300000, 0x00000000eb300000| Complete 
| 180|0x00000000eb400000, 0x00000000eb500000, 0x00000000eb500000|100%| E|CS|TAMS 0x00000000eb400000, 0x00000000eb400000| Complete 
| 181|0x00000000eb500000, 0x00000000eb600000, 0x00000000eb600000|100%| E|CS|TAMS 0x00000000eb500000, 0x00000000eb500000| Complete 
| 182|0x00000000eb600000, 0x00000000eb700000, 0x00000000eb700000|100%| E|CS|TAMS 0x00000000eb600000, 0x00000000eb600000| Complete 
| 183|0x00000000eb700000, 0x00000000eb800000, 0x00000000eb800000|100%| E|CS|TAMS 0x00000000eb700000, 0x00000000eb700000| Complete 
| 184|0x00000000eb800000, 0x00000000eb900000, 0x00000000eb900000|100%| E|CS|TAMS 0x00000000eb800000, 0x00000000eb800000| Complete 
| 185|0x00000000eb900000, 0x00000000eba00000, 0x00000000eba00000|100%| E|CS|TAMS 0x00000000eb900000, 0x00000000eb900000| Complete 
| 186|0x00000000eba00000, 0x00000000ebb00000, 0x00000000ebb00000|100%| E|CS|TAMS 0x00000000eba00000, 0x00000000eba00000| Complete 
| 187|0x00000000ebb00000, 0x00000000ebc00000, 0x00000000ebc00000|100%| E|CS|TAMS 0x00000000ebb00000, 0x00000000ebb00000| Complete 
| 188|0x00000000ebc00000, 0x00000000ebd00000, 0x00000000ebd00000|100%| E|CS|TAMS 0x00000000ebc00000, 0x00000000ebc00000| Complete 
| 189|0x00000000ebd00000, 0x00000000ebe00000, 0x00000000ebe00000|100%| E|CS|TAMS 0x00000000ebd00000, 0x00000000ebd00000| Complete 
| 190|0x00000000ebe00000, 0x00000000ebf00000, 0x00000000ebf00000|100%| E|CS|TAMS 0x00000000ebe00000, 0x00000000ebe00000| Complete 
| 191|0x00000000ebf00000, 0x00000000ec000000, 0x00000000ec000000|100%| E|CS|TAMS 0x00000000ebf00000, 0x00000000ebf00000| Complete 
| 192|0x00000000ec000000, 0x00000000ec100000, 0x00000000ec100000|100%| E|CS|TAMS 0x00000000ec000000, 0x00000000ec000000| Complete 
| 193|0x00000000ec100000, 0x00000000ec200000, 0x00000000ec200000|100%| E|CS|TAMS 0x00000000ec100000, 0x00000000ec100000| Complete 
| 194|0x00000000ec200000, 0x00000000ec300000, 0x00000000ec300000|100%| E|CS|TAMS 0x00000000ec200000, 0x00000000ec200000| Complete 
| 195|0x00000000ec300000, 0x00000000ec400000, 0x00000000ec400000|100%| E|CS|TAMS 0x00000000ec300000, 0x00000000ec300000| Complete 
| 196|0x00000000ec400000, 0x00000000ec500000, 0x00000000ec500000|100%| E|CS|TAMS 0x00000000ec400000, 0x00000000ec400000| Complete 
| 197|0x00000000ec500000, 0x00000000ec600000, 0x00000000ec600000|100%| E|CS|TAMS 0x00000000ec500000, 0x00000000ec500000| Complete 
| 198|0x00000000ec600000, 0x00000000ec700000, 0x00000000ec700000|100%| E|CS|TAMS 0x00000000ec600000, 0x00000000ec600000| Complete 
| 199|0x00000000ec700000, 0x00000000ec800000, 0x00000000ec800000|100%| E|CS|TAMS 0x00000000ec700000, 0x00000000ec700000| Complete 
| 200|0x00000000ec800000, 0x00000000ec900000, 0x00000000ec900000|100%| E|CS|TAMS 0x00000000ec800000, 0x00000000ec800000| Complete 
| 201|0x00000000ec900000, 0x00000000eca00000, 0x00000000eca00000|100%| E|CS|TAMS 0x00000000ec900000, 0x00000000ec900000| Complete 
| 202|0x00000000eca00000, 0x00000000ecb00000, 0x00000000ecb00000|100%| E|CS|TAMS 0x00000000eca00000, 0x00000000eca00000| Complete 
| 203|0x00000000ecb00000, 0x00000000ecc00000, 0x00000000ecc00000|100%| E|CS|TAMS 0x00000000ecb00000, 0x00000000ecb00000| Complete 
| 204|0x00000000ecc00000, 0x00000000ecd00000, 0x00000000ecd00000|100%| E|CS|TAMS 0x00000000ecc00000, 0x00000000ecc00000| Complete 
| 205|0x00000000ecd00000, 0x00000000ece00000, 0x00000000ece00000|100%| E|CS|TAMS 0x00000000ecd00000, 0x00000000ecd00000| Complete 
| 206|0x00000000ece00000, 0x00000000ecf00000, 0x00000000ecf00000|100%| E|CS|TAMS 0x00000000ece00000, 0x00000000ece00000| Complete 
| 207|0x00000000ecf00000, 0x00000000ed000000, 0x00000000ed000000|100%| E|CS|TAMS 0x00000000ecf00000, 0x00000000ecf00000| Complete 
| 208|0x00000000ed000000, 0x00000000ed100000, 0x00000000ed100000|100%| E|CS|TAMS 0x00000000ed000000, 0x00000000ed000000| Complete 
| 209|0x00000000ed100000, 0x00000000ed200000, 0x00000000ed200000|100%| E|CS|TAMS 0x00000000ed100000, 0x00000000ed100000| Complete 
| 210|0x00000000ed200000, 0x00000000ed300000, 0x00000000ed300000|100%| E|CS|TAMS 0x00000000ed200000, 0x00000000ed200000| Complete 
| 211|0x00000000ed300000, 0x00000000ed400000, 0x00000000ed400000|100%| E|CS|TAMS 0x00000000ed300000, 0x00000000ed300000| Complete 
| 212|0x00000000ed400000, 0x00000000ed500000, 0x00000000ed500000|100%| E|CS|TAMS 0x00000000ed400000, 0x00000000ed400000| Complete 
| 213|0x00000000ed500000, 0x00000000ed600000, 0x00000000ed600000|100%| E|CS|TAMS 0x00000000ed500000, 0x00000000ed500000| Complete 
| 214|0x00000000ed600000, 0x00000000ed700000, 0x00000000ed700000|100%| E|CS|TAMS 0x00000000ed600000, 0x00000000ed600000| Complete 
| 215|0x00000000ed700000, 0x00000000ed800000, 0x00000000ed800000|100%| E|CS|TAMS 0x00000000ed700000, 0x00000000ed700000| Complete 
| 216|0x00000000ed800000, 0x00000000ed900000, 0x00000000ed900000|100%| E|CS|TAMS 0x00000000ed800000, 0x00000000ed800000| Complete 
| 217|0x00000000ed900000, 0x00000000eda00000, 0x00000000eda00000|100%| E|CS|TAMS 0x00000000ed900000, 0x00000000ed900000| Complete 
| 218|0x00000000eda00000, 0x00000000edb00000, 0x00000000edb00000|100%| E|CS|TAMS 0x00000000eda00000, 0x00000000eda00000| Complete 
| 219|0x00000000edb00000, 0x00000000edc00000, 0x00000000edc00000|100%| E|CS|TAMS 0x00000000edb00000, 0x00000000edb00000| Complete 
| 220|0x00000000edc00000, 0x00000000edd00000, 0x00000000edd00000|100%| E|CS|TAMS 0x00000000edc00000, 0x00000000edc00000| Complete 
| 221|0x00000000edd00000, 0x00000000ede00000, 0x00000000ede00000|100%| E|CS|TAMS 0x00000000edd00000, 0x00000000edd00000| Complete 
| 222|0x00000000ede00000, 0x00000000edf00000, 0x00000000edf00000|100%| E|CS|TAMS 0x00000000ede00000, 0x00000000ede00000| Complete 
| 223|0x00000000edf00000, 0x00000000ee000000, 0x00000000ee000000|100%| E|CS|TAMS 0x00000000edf00000, 0x00000000edf00000| Complete 
| 224|0x00000000ee000000, 0x00000000ee100000, 0x00000000ee100000|100%| E|CS|TAMS 0x00000000ee000000, 0x00000000ee000000| Complete 
| 225|0x00000000ee100000, 0x00000000ee200000, 0x00000000ee200000|100%| E|CS|TAMS 0x00000000ee100000, 0x00000000ee100000| Complete 
| 226|0x00000000ee200000, 0x00000000ee300000, 0x00000000ee300000|100%| E|CS|TAMS 0x00000000ee200000, 0x00000000ee200000| Complete 
| 227|0x00000000ee300000, 0x00000000ee400000, 0x00000000ee400000|100%| E|CS|TAMS 0x00000000ee300000, 0x00000000ee300000| Complete 
| 228|0x00000000ee400000, 0x00000000ee500000, 0x00000000ee500000|100%| E|CS|TAMS 0x00000000ee400000, 0x00000000ee400000| Complete 
| 229|0x00000000ee500000, 0x00000000ee600000, 0x00000000ee600000|100%| E|CS|TAMS 0x00000000ee500000, 0x00000000ee500000| Complete 
| 230|0x00000000ee600000, 0x00000000ee700000, 0x00000000ee700000|100%| E|CS|TAMS 0x00000000ee600000, 0x00000000ee600000| Complete 
| 231|0x00000000ee700000, 0x00000000ee800000, 0x00000000ee800000|100%| E|CS|TAMS 0x00000000ee700000, 0x00000000ee700000| Complete 
| 232|0x00000000ee800000, 0x00000000ee900000, 0x00000000ee900000|100%| E|CS|TAMS 0x00000000ee800000, 0x00000000ee800000| Complete 
| 233|0x00000000ee900000, 0x00000000eea00000, 0x00000000eea00000|100%| E|CS|TAMS 0x00000000ee900000, 0x00000000ee900000| Complete 
| 234|0x00000000eea00000, 0x00000000eeb00000, 0x00000000eeb00000|100%| E|CS|TAMS 0x00000000eea00000, 0x00000000eea00000| Complete 
| 235|0x00000000eeb00000, 0x00000000eec00000, 0x00000000eec00000|100%| E|CS|TAMS 0x00000000eeb00000, 0x00000000eeb00000| Complete 
| 236|0x00000000eec00000, 0x00000000eed00000, 0x00000000eed00000|100%| E|CS|TAMS 0x00000000eec00000, 0x00000000eec00000| Complete 
| 237|0x00000000eed00000, 0x00000000eee00000, 0x00000000eee00000|100%| E|CS|TAMS 0x00000000eed00000, 0x00000000eed00000| Complete 
| 238|0x00000000eee00000, 0x00000000eef00000, 0x00000000eef00000|100%| E|CS|TAMS 0x00000000eee00000, 0x00000000eee00000| Complete 
| 239|0x00000000eef00000, 0x00000000ef000000, 0x00000000ef000000|100%| E|CS|TAMS 0x00000000eef00000, 0x00000000eef00000| Complete 
| 240|0x00000000ef000000, 0x00000000ef100000, 0x00000000ef100000|100%| E|CS|TAMS 0x00000000ef000000, 0x00000000ef000000| Complete 
| 241|0x00000000ef100000, 0x00000000ef200000, 0x00000000ef200000|100%| E|CS|TAMS 0x00000000ef100000, 0x00000000ef100000| Complete 
| 242|0x00000000ef200000, 0x00000000ef300000, 0x00000000ef300000|100%| E|CS|TAMS 0x00000000ef200000, 0x00000000ef200000| Complete 
| 243|0x00000000ef300000, 0x00000000ef400000, 0x00000000ef400000|100%| E|CS|TAMS 0x00000000ef300000, 0x00000000ef300000| Complete 
| 244|0x00000000ef400000, 0x00000000ef500000, 0x00000000ef500000|100%| E|CS|TAMS 0x00000000ef400000, 0x00000000ef400000| Complete 
| 245|0x00000000ef500000, 0x00000000ef600000, 0x00000000ef600000|100%| E|CS|TAMS 0x00000000ef500000, 0x00000000ef500000| Complete 
| 246|0x00000000ef600000, 0x00000000ef700000, 0x00000000ef700000|100%| E|CS|TAMS 0x00000000ef600000, 0x00000000ef600000| Complete 
| 247|0x00000000ef700000, 0x00000000ef800000, 0x00000000ef800000|100%| E|CS|TAMS 0x00000000ef700000, 0x00000000ef700000| Complete 
| 248|0x00000000ef800000, 0x00000000ef900000, 0x00000000ef900000|100%| E|CS|TAMS 0x00000000ef800000, 0x00000000ef800000| Complete 
| 249|0x00000000ef900000, 0x00000000efa00000, 0x00000000efa00000|100%| E|CS|TAMS 0x00000000ef900000, 0x00000000ef900000| Complete 
| 250|0x00000000efa00000, 0x00000000efb00000, 0x00000000efb00000|100%| E|CS|TAMS 0x00000000efa00000, 0x00000000efa00000| Complete 
| 251|0x00000000efb00000, 0x00000000efc00000, 0x00000000efc00000|100%| E|CS|TAMS 0x00000000efb00000, 0x00000000efb00000| Complete 
| 252|0x00000000efc00000, 0x00000000efd00000, 0x00000000efd00000|100%| E|CS|TAMS 0x00000000efc00000, 0x00000000efc00000| Complete 
| 253|0x00000000efd00000, 0x00000000efe00000, 0x00000000efe00000|100%| E|CS|TAMS 0x00000000efd00000, 0x00000000efd00000| Complete 
| 254|0x00000000efe00000, 0x00000000eff00000, 0x00000000eff00000|100%| E|CS|TAMS 0x00000000efe00000, 0x00000000efe00000| Complete 
| 255|0x00000000eff00000, 0x00000000f0000000, 0x00000000f0000000|100%| E|CS|TAMS 0x00000000eff00000, 0x00000000eff00000| Complete 

Card table byte_map: [0x0000026ef9fe0000,0x0000026efa0e0000] _byte_map_base: 0x0000026ef98e0000

Marking Bits (Prev, Next): (CMBitMap*) 0x0000026ee285f128, (CMBitMap*) 0x0000026ee285f160
 Prev Bits: [0x0000026efa1e0000, 0x0000026efa9e0000)
 Next Bits: [0x0000026efa9e0000, 0x0000026efb1e0000)

Polling page: 0x0000026ee0780000

Metaspace:

Usage:
  Non-class:     47.15 MB capacity,    45.97 MB ( 98%) used,  1018.12 KB (  2%) free+waste,   184.38 KB ( <1%) overhead. 
      Class:      7.47 MB capacity,     6.76 MB ( 90%) used,   645.50 KB (  8%) free+waste,    90.38 KB (  1%) overhead. 
       Both:     54.62 MB capacity,    52.73 MB ( 97%) used,     1.62 MB (  3%) free+waste,   274.75 KB ( <1%) overhead. 

Virtual space:
  Non-class space:       48.00 MB reserved,      47.25 MB ( 98%) committed 
      Class space:      376.00 MB reserved,       7.57 MB (  2%) committed 
             Both:      424.00 MB reserved,      54.82 MB ( 13%) committed 

Chunk freelists:
   Non-Class:  43.00 KB
       Class:  26.00 KB
        Both:  69.00 KB

MaxMetaspaceSize: 384.00 MB
CompressedClassSpaceSize: 376.00 MB
Initial GC threshold: 20.80 MB
Current GC threshold: 58.88 MB
CDS: off

CodeHeap 'non-profiled nmethods': size=120064Kb used=2944Kb max_used=2944Kb free=117119Kb
 bounds [0x0000026ef2aa0000, 0x0000026ef2d90000, 0x0000026ef9fe0000]
CodeHeap 'profiled nmethods': size=120000Kb used=10811Kb max_used=10811Kb free=109188Kb
 bounds [0x0000026eeb570000, 0x0000026eec000000, 0x0000026ef2aa0000]
CodeHeap 'non-nmethods': size=5696Kb used=2310Kb max_used=2348Kb free=3385Kb
 bounds [0x0000026eeafe0000, 0x0000026eeb250000, 0x0000026eeb570000]
 total_blobs=5976 nmethods=5175 adapters=712
 compilation: enabled
              stopped_count=0, restarted_count=0
 full_count=0

Compilation events (20 events):
Event: 11.040 Thread 0x0000026efe0b4000 5172       3       java.util.LinkedHashMap::get (33 bytes)
Event: 11.041 Thread 0x0000026e82e58000 nmethod 5171 0x0000026ef2d80010 code [0x0000026ef2d801a0, 0x0000026ef2d80258]
Event: 11.041 Thread 0x0000026efe0b4000 nmethod 5172 0x0000026eebff7410 code [0x0000026eebff7600, 0x0000026eebff7a28]
Event: 11.042 Thread 0x0000026efe0b4000 5173       3       java.util.HashMap::resize (356 bytes)
Event: 11.043 Thread 0x0000026efe0b4000 nmethod 5173 0x0000026eebff7b90 code [0x0000026eebff7e60, 0x0000026eebff9208]
Event: 11.044 Thread 0x0000026efe0b4000 5174       3       com.google.common.collect.LinkedHashMultimap::access$400 (6 bytes)
Event: 11.044 Thread 0x0000026e82e58000 5175       4       org.gradle.internal.reflect.MethodSet::add (50 bytes)
Event: 11.044 Thread 0x0000026efe0b4000 nmethod 5174 0x0000026eebff9690 code [0x0000026eebff9860, 0x0000026eebff9a98]
Event: 11.046 Thread 0x0000026efe0b4000 5176       3       com.google.common.collect.AbstractSetMultimap::get (9 bytes)
Event: 11.046 Thread 0x0000026efe0b4000 nmethod 5176 0x0000026eebff9b90 code [0x0000026eebff9d80, 0x0000026eebffa368]
Event: 11.046 Thread 0x0000026efe0b4000 5177       3       com.google.common.collect.AbstractMapBasedMultimap$WrappedSet::<init> (14 bytes)
Event: 11.047 Thread 0x0000026efe0b4000 nmethod 5177 0x0000026eebffa510 code [0x0000026eebffa6c0, 0x0000026eebffa848]
Event: 11.047 Thread 0x0000026efe0b4000 5179       3       com.google.common.collect.LinkedHashMultimap::get (6 bytes)
Event: 11.047 Thread 0x0000026efe0b4000 nmethod 5179 0x0000026eebffa910 code [0x0000026eebffab40, 0x0000026eebffb388]
Event: 11.047 Thread 0x0000026efe0b4000 5181       3       com.google.common.collect.LinkedHashMultimap$ValueSet$1::hasNext (21 bytes)
Event: 11.047 Thread 0x0000026efe0b4000 nmethod 5181 0x0000026eebffb610 code [0x0000026eebffb7e0, 0x0000026eebffbac8]
Event: 11.047 Thread 0x0000026efe0b4000 5182       3       com.google.common.collect.LinkedHashMultimap$ValueSet$1::checkForComodification (23 bytes)
Event: 11.047 Thread 0x0000026efe0b4000 nmethod 5182 0x0000026eebffbc10 code [0x0000026eebffbde0, 0x0000026eebffc008]
Event: 11.047 Thread 0x0000026efe0b4000 5180       3       com.google.common.collect.AbstractSetMultimap::wrapCollection (14 bytes)
Event: 11.048 Thread 0x0000026efe0b4000 nmethod 5180 0x0000026eebffc110 code [0x0000026eebffc2e0, 0x0000026eebffc668]

GC Heap History (12 events):
Event: 0.754 GC heap before
{Heap before GC invocations=0 (full 0):
 garbage-first heap   total 262144K, used 14336K [0x00000000e0000000, 0x0000000100000000)
  region size 1024K, 14 young (14336K), 0 survivors (0K)
 Metaspace       used 6989K, capacity 7137K, committed 7424K, reserved 393216K
  class space    used 604K, capacity 654K, committed 768K, reserved 385024K
}
Event: 0.762 GC heap after
{Heap after GC invocations=1 (full 0):
 garbage-first heap   total 262144K, used 1886K [0x00000000e0000000, 0x0000000100000000)
  region size 1024K, 2 young (2048K), 2 survivors (2048K)
 Metaspace       used 6989K, capacity 7137K, committed 7424K, reserved 393216K
  class space    used 604K, capacity 654K, committed 768K, reserved 385024K
}
Event: 4.116 GC heap before
{Heap before GC invocations=1 (full 0):
 garbage-first heap   total 262144K, used 133982K [0x00000000e0000000, 0x0000000100000000)
  region size 1024K, 127 young (130048K), 2 survivors (2048K)
 Metaspace       used 20762K, capacity 21185K, committed 21248K, reserved 405504K
  class space    used 2377K, capacity 2543K, committed 2560K, reserved 385024K
}
Event: 4.130 GC heap after
{Heap after GC invocations=2 (full 0):
 garbage-first heap   total 262144K, used 19758K [0x00000000e0000000, 0x0000000100000000)
  region size 1024K, 15 young (15360K), 15 survivors (15360K)
 Metaspace       used 20762K, capacity 21185K, committed 21248K, reserved 405504K
  class space    used 2377K, capacity 2543K, committed 2560K, reserved 385024K
}
Event: 5.166 GC heap before
{Heap before GC invocations=3 (full 0):
 garbage-first heap   total 262144K, used 95534K [0x00000000e0000000, 0x0000000100000000)
  region size 1024K, 89 young (91136K), 15 survivors (15360K)
 Metaspace       used 26682K, capacity 27446K, committed 27776K, reserved 409600K
  class space    used 3340K, capacity 3599K, committed 3712K, reserved 385024K
}
Event: 5.179 GC heap after
{Heap after GC invocations=4 (full 0):
 garbage-first heap   total 262144K, used 22118K [0x00000000e0000000, 0x0000000100000000)
  region size 1024K, 3 young (3072K), 3 survivors (3072K)
 Metaspace       used 26682K, capacity 27446K, committed 27776K, reserved 409600K
  class space    used 3340K, capacity 3599K, committed 3712K, reserved 385024K
}
Event: 6.293 GC heap before
{Heap before GC invocations=4 (full 0):
 garbage-first heap   total 262144K, used 121446K [0x00000000e0000000, 0x0000000100000000)
  region size 1024K, 75 young (76800K), 3 survivors (3072K)
 Metaspace       used 32017K, capacity 32968K, committed 33280K, reserved 413696K
  class space    used 4190K, capacity 4525K, committed 4608K, reserved 385024K
}
Event: 6.299 GC heap after
{Heap after GC invocations=5 (full 0):
 garbage-first heap   total 262144K, used 53194K [0x00000000e0000000, 0x0000000100000000)
  region size 1024K, 8 young (8192K), 8 survivors (8192K)
 Metaspace       used 32017K, capacity 32968K, committed 33280K, reserved 413696K
  class space    used 4190K, capacity 4525K, committed 4608K, reserved 385024K
}
Event: 6.932 GC heap before
{Heap before GC invocations=5 (full 0):
 garbage-first heap   total 262144K, used 95178K [0x00000000e0000000, 0x0000000100000000)
  region size 1024K, 50 young (51200K), 8 survivors (8192K)
 Metaspace       used 34768K, capacity 35781K, committed 35840K, reserved 417792K
  class space    used 4598K, capacity 4975K, committed 4992K, reserved 385024K
}
Event: 6.941 GC heap after
{Heap after GC invocations=6 (full 0):
 garbage-first heap   total 262144K, used 54097K [0x00000000e0000000, 0x0000000100000000)
  region size 1024K, 9 young (9216K), 9 survivors (9216K)
 Metaspace       used 34768K, capacity 35781K, committed 35840K, reserved 417792K
  class space    used 4598K, capacity 4975K, committed 4992K, reserved 385024K
}
Event: 9.054 GC heap before
{Heap before GC invocations=7 (full 0):
 garbage-first heap   total 262144K, used 187217K [0x00000000e0000000, 0x0000000100000000)
  region size 1024K, 135 young (138240K), 9 survivors (9216K)
 Metaspace       used 47061K, capacity 48523K, committed 48588K, reserved 428032K
  class space    used 6041K, capacity 6586K, committed 6604K, reserved 385024K
}
Event: 9.071 GC heap after
{Heap after GC invocations=8 (full 0):
 garbage-first heap   total 262144K, used 61021K [0x00000000e0000000, 0x0000000100000000)
  region size 1024K, 15 young (15360K), 15 survivors (15360K)
 Metaspace       used 47061K, capacity 48523K, committed 48588K, reserved 428032K
  class space    used 6041K, capacity 6586K, committed 6604K, reserved 385024K
}

Deoptimization events (20 events):
Event: 10.874 Thread 0x0000026e808f4000 Uncommon trap: trap_request=0xffffffde fr.pc=0x0000026ef2cc8920 relative=0x0000000000003920
Event: 10.874 Thread 0x0000026e808f4000 Uncommon trap: reason=class_check action=maybe_recompile pc=0x0000026ef2cc8920 method=java.util.regex.Pattern$CharProperty.study(Ljava/util/regex/Pattern$TreeInfo;)Z @ 25 c2
Event: 10.874 Thread 0x0000026e808f4000 DEOPT PACKING pc=0x0000026ef2cc8920 sp=0x0000008a17ff86a0
Event: 10.874 Thread 0x0000026e808f4000 DEOPT UNPACKING pc=0x0000026eeafe85af sp=0x0000008a17ff85a8 mode 2
Event: 11.028 Thread 0x0000026e808f4000 Uncommon trap: trap_request=0xffffffde fr.pc=0x0000026ef2cf8ad0 relative=0x0000000000000430
Event: 11.028 Thread 0x0000026e808f4000 Uncommon trap: reason=class_check action=maybe_recompile pc=0x0000026ef2cf8ad0 method=java.util.stream.MatchOps$MatchOp.evaluateSequential(Ljava/util/stream/PipelineHelper;Ljava/util/Spliterator;)Ljava/lang/Boolean; @ 14 c2
Event: 11.028 Thread 0x0000026e808f4000 DEOPT PACKING pc=0x0000026ef2cf8ad0 sp=0x0000008a17ff68f0
Event: 11.028 Thread 0x0000026e808f4000 DEOPT UNPACKING pc=0x0000026eeafe85af sp=0x0000008a17ff6818 mode 2
Event: 11.039 Thread 0x0000026e808f4000 Uncommon trap: trap_request=0xffffff4d fr.pc=0x0000026ef2c43130 relative=0x0000000000000270
Event: 11.039 Thread 0x0000026e808f4000 Uncommon trap: reason=unstable_if action=reinterpret pc=0x0000026ef2c43130 method=java.util.HashMap.getNode(ILjava/lang/Object;)Ljava/util/HashMap$Node; @ 84 c2
Event: 11.039 Thread 0x0000026e808f4000 DEOPT PACKING pc=0x0000026ef2c43130 sp=0x0000008a17ff7570
Event: 11.039 Thread 0x0000026e808f4000 DEOPT UNPACKING pc=0x0000026eeafe85af sp=0x0000008a17ff7480 mode 2
Event: 11.039 Thread 0x0000026e808f4000 Uncommon trap: trap_request=0xffffff4d fr.pc=0x0000026ef2ac08b0 relative=0x0000000000000950
Event: 11.039 Thread 0x0000026e808f4000 Uncommon trap: reason=unstable_if action=reinterpret pc=0x0000026ef2ac08b0 method=java.util.HashMap.resize()[Ljava/util/HashMap$Node; @ 203 c2
Event: 11.039 Thread 0x0000026e808f4000 DEOPT PACKING pc=0x0000026ef2ac08b0 sp=0x0000008a17ff73e0
Event: 11.039 Thread 0x0000026e808f4000 DEOPT UNPACKING pc=0x0000026eeafe85af sp=0x0000008a17ff7380 mode 2
Event: 11.039 Thread 0x0000026e808f4000 Uncommon trap: trap_request=0xffffff4d fr.pc=0x0000026ef2b917e8 relative=0x00000000000001a8
Event: 11.039 Thread 0x0000026e808f4000 Uncommon trap: reason=unstable_if action=reinterpret pc=0x0000026ef2b917e8 method=java.util.HashMap.getNode(ILjava/lang/Object;)Ljava/util/HashMap$Node; @ 84 c2
Event: 11.039 Thread 0x0000026e808f4000 DEOPT PACKING pc=0x0000026ef2b917e8 sp=0x0000008a17ff74e0
Event: 11.039 Thread 0x0000026e808f4000 DEOPT UNPACKING pc=0x0000026eeafe85af sp=0x0000008a17ff7468 mode 2

Classes redefined (0 events):
No events

Internal exceptions (20 events):
Event: 10.668 Thread 0x0000026e80d7e000 Exception <a 'java/lang/NoSuchMethodError'{0x00000000ea81a330}: 'void java.lang.invoke.DirectMethodHandle$Holder.invokeInterface(java.lang.Object, java.lang.Object, java.lang.Object, java.lang.Object)'> (0x00000000ea81a330) thrown at [s\src\hotspot\share\interpreter\linkResolver.cpp, line 773]
Event: 10.673 Thread 0x0000026e80d7e000 Exception <a 'sun/nio/fs/WindowsException'{0x00000000ea824868}> (0x00000000ea824868) thrown at [s\src\hotspot\share\prims\jni.cpp, line 617]
Event: 10.675 Thread 0x0000026e80d7e000 Exception <a 'sun/nio/fs/WindowsException'{0x00000000ea825268}> (0x00000000ea825268) thrown at [s\src\hotspot\share\prims\jni.cpp, line 617]
Event: 10.682 Thread 0x0000026e808f4000 Exception <a 'java/lang/IncompatibleClassChangeError'{0x00000000ea9de608}: Found class java.lang.Object, but interface was expected> (0x00000000ea9de608) thrown at [s\src\hotspot\share\interpreter\linkResolver.cpp, line 839]
Event: 10.695 Thread 0x0000026e80d82000 Exception <a 'sun/nio/fs/WindowsException'{0x00000000ecbc8530}> (0x00000000ecbc8530) thrown at [s\src\hotspot\share\prims\jni.cpp, line 617]
Event: 10.695 Thread 0x0000026e80d82000 Exception <a 'sun/nio/fs/WindowsException'{0x00000000ecbc8c20}> (0x00000000ecbc8c20) thrown at [s\src\hotspot\share\prims\jni.cpp, line 617]
Event: 10.706 Thread 0x0000026e80d82000 Exception <a 'sun/nio/fs/WindowsException'{0x00000000ea877f90}> (0x00000000ea877f90) thrown at [s\src\hotspot\share\prims\jni.cpp, line 617]
Event: 10.720 Thread 0x0000026e808f4000 Exception <a 'java/lang/ClassNotFoundException'{0x00000000ea71aca8}: settings_3trc4cr9fbto8697qhcz5it44BeanInfo> (0x00000000ea71aca8) thrown at [s\src\hotspot\share\classfile\systemDictionary.cpp, line 230]
Event: 10.721 Thread 0x0000026e808f4000 Exception <a 'java/lang/ClassNotFoundException'{0x00000000ea737458}: org/gradle/initialization/SettingsScriptBeanInfo> (0x00000000ea737458) thrown at [s\src\hotspot\share\classfile\systemDictionary.cpp, line 230]
Event: 10.722 Thread 0x0000026e808f4000 Exception <a 'java/lang/ClassNotFoundException'{0x00000000ea755930}: org/gradle/plugin/use/internal/PluginsAwareScriptBeanInfo> (0x00000000ea755930) thrown at [s\src\hotspot\share\classfile\systemDictionary.cpp, line 230]
Event: 10.723 Thread 0x0000026e808f4000 Exception <a 'java/lang/ClassNotFoundException'{0x00000000ea775060}: org/gradle/plugin/use/internal/PluginsAwareScriptCustomizer> (0x00000000ea775060) thrown at [s\src\hotspot\share\classfile\systemDictionary.cpp, line 230]
Event: 10.724 Thread 0x0000026e808f4000 Exception <a 'java/lang/ClassNotFoundException'{0x00000000ea79a730}: org/gradle/initialization/SettingsScriptCustomizer> (0x00000000ea79a730) thrown at [s\src\hotspot\share\classfile\systemDictionary.cpp, line 230]
Event: 10.725 Thread 0x0000026e808f4000 Exception <a 'java/lang/ClassNotFoundException'{0x00000000ea7b1b70}: settings_3trc4cr9fbto8697qhcz5it44Customizer> (0x00000000ea7b1b70) thrown at [s\src\hotspot\share\classfile\systemDictionary.cpp, line 230]
Event: 10.734 Thread 0x0000026e808f4000 Exception <a 'java/lang/ClassNotFoundException'{0x00000000ea67efd0}: org/gradle/initialization/DefaultSettings_DecoratedBeanInfo> (0x00000000ea67efd0) thrown at [s\src\hotspot\share\classfile\systemDictionary.cpp, line 230]
Event: 10.735 Thread 0x0000026e808f4000 Exception <a 'java/lang/ClassNotFoundException'{0x00000000ea6aa910}: org/gradle/initialization/DefaultSettingsBeanInfo> (0x00000000ea6aa910) thrown at [s\src\hotspot\share\classfile\systemDictionary.cpp, line 230]
Event: 10.736 Thread 0x0000026e808f4000 Exception <a 'java/lang/ClassNotFoundException'{0x00000000ea6d7748}: org/gradle/initialization/DefaultSettingsCustomizer> (0x00000000ea6d7748) thrown at [s\src\hotspot\share\classfile\systemDictionary.cpp, line 230]
Event: 10.743 Thread 0x0000026e808f4000 Exception <a 'java/lang/ClassNotFoundException'{0x00000000ea53c780}: org/gradle/initialization/DefaultSettings_DecoratedCustomizer> (0x00000000ea53c780) thrown at [s\src\hotspot\share\classfile\systemDictionary.cpp, line 230]
Event: 10.749 Thread 0x0000026e808f4000 Exception <a 'java/lang/ClassNotFoundException'{0x00000000ea5dad80}: org/gradle/initialization/DefaultProjectDescriptorBeanInfo> (0x00000000ea5dad80) thrown at [s\src\hotspot\share\classfile\systemDictionary.cpp, line 230]
Event: 10.750 Thread 0x0000026e808f4000 Exception <a 'java/lang/ClassNotFoundException'{0x00000000ea409e38}: org/gradle/initialization/DefaultProjectDescriptorCustomizer> (0x00000000ea409e38) thrown at [s\src\hotspot\share\classfile\systemDictionary.cpp, line 230]
Event: 10.762 Thread 0x0000026e808f4000 Exception <a 'java/lang/NoSuchMethodError'{0x00000000ea453a28}: 'void java.lang.invoke.DirectMethodHandle$Holder.invokeInterface(java.lang.Object, java.lang.Object)'> (0x00000000ea453a28) thrown at [s\src\hotspot\share\interpreter\linkResolver.cpp, line 773]

Events (20 events):
Event: 11.029 loading class org/gradle/api/UnknownTaskException
Event: 11.029 loading class org/gradle/api/UnknownTaskException done
Event: 11.030 loading class org/gradle/api/internal/tasks/DefaultTaskContainer$DuplicateTaskException
Event: 11.030 loading class org/gradle/api/internal/tasks/DefaultTaskContainer$DuplicateTaskException done
Event: 11.031 loading class org/gradle/api/internal/tasks/DefaultTaskContainer$TaskCreationException
Event: 11.031 loading class org/gradle/api/internal/tasks/DefaultTaskContainer$TaskCreationException done
Event: 11.032 loading class org/gradle/api/internal/tasks/RegisterTaskBuildOperationType$Result
Event: 11.032 loading class org/gradle/api/internal/tasks/RegisterTaskBuildOperationType$Result done
Event: 11.033 loading class org/gradle/api/internal/tasks/RealizeTaskBuildOperationType$Result
Event: 11.033 loading class org/gradle/api/internal/tasks/RealizeTaskBuildOperationType$Result done
Event: 11.034 loading class org/gradle/api/internal/project/taskfactory/TaskIdentity
Event: 11.034 loading class org/gradle/api/internal/project/taskfactory/TaskIdentity done
Event: 11.034 loading class org/gradle/api/tasks/TaskProvider
Event: 11.034 loading class org/gradle/api/tasks/TaskProvider done
Event: 11.035 loading class org/gradle/model/internal/core/MutableModelNode
Event: 11.035 loading class org/gradle/model/internal/core/MutableModelNode done
Event: 11.036 loading class org/gradle/model/internal/core/ModelNode
Event: 11.036 loading class org/gradle/model/internal/core/ModelNode done
Event: 11.036 loading class org/gradle/model/internal/core/ModelPath
Event: 11.036 loading class org/gradle/model/internal/core/ModelPath done


Dynamic libraries:
0x00007ff7b1380000 - 0x00007ff7b138e000 	C:\Users\user\.jdks\corretto-11.0.28\bin\java.exe
0x00007ff9da9d0000 - 0x00007ff9dabc8000 	C:\Windows\SYSTEM32\ntdll.dll
0x00007ff9d9f00000 - 0x00007ff9d9fc2000 	C:\Windows\System32\KERNEL32.DLL
0x00007ff9d8140000 - 0x00007ff9d8436000 	C:\Windows\System32\KERNELBASE.dll
0x00007ff9d8760000 - 0x00007ff9d8860000 	C:\Windows\System32\ucrtbase.dll
0x00007ff9c3e30000 - 0x00007ff9c3e47000 	C:\Users\user\.jdks\corretto-11.0.28\bin\jli.dll
0x00007ff9c99f0000 - 0x00007ff9c9a0b000 	C:\Users\user\.jdks\corretto-11.0.28\bin\VCRUNTIME140.dll
0x00007ff9d9350000 - 0x00007ff9d94f1000 	C:\Windows\System32\USER32.dll
0x00007ff9d84c0000 - 0x00007ff9d84e2000 	C:\Windows\System32\win32u.dll
0x00007ff9d9930000 - 0x00007ff9d995b000 	C:\Windows\System32\GDI32.dll
0x00007ff9d84f0000 - 0x00007ff9d8609000 	C:\Windows\System32\gdi32full.dll
0x00007ff9bdb90000 - 0x00007ff9bde2b000 	C:\Windows\WinSxS\amd64_microsoft.windows.common-controls_6595b64144ccf1df_6.0.19041.6456_none_60b8a6cb71f64256\COMCTL32.dll
0x00007ff9d86c0000 - 0x00007ff9d875d000 	C:\Windows\System32\msvcp_win.dll
0x00007ff9d8ae0000 - 0x00007ff9d8b7e000 	C:\Windows\System32\msvcrt.dll
0x00007ff9d89f0000 - 0x00007ff9d8a1f000 	C:\Windows\System32\IMM32.DLL
0x0000000060380000 - 0x000000006038c000 	C:\Program Files (x86)\360\Total Security\safemon\SafeWrapper.dll
0x00007ff9d8a20000 - 0x00007ff9d8ad1000 	C:\Windows\System32\ADVAPI32.dll
0x00007ff9d9fd0000 - 0x00007ff9da06f000 	C:\Windows\System32\sechost.dll
0x00007ff9d9010000 - 0x00007ff9d9130000 	C:\Windows\System32\RPCRT4.dll
0x00007ff9d8860000 - 0x00007ff9d8887000 	C:\Windows\System32\bcrypt.dll
0x00007ff9b7cd0000 - 0x00007ff9b7d7c000 	C:\Program Files (x86)\360\Total Security\safemon\libzdtp64.dll
0x00007ff9da220000 - 0x00007ff9da990000 	C:\Windows\System32\SHELL32.dll
0x00007ff9d9e40000 - 0x00007ff9d9e9b000 	C:\Windows\System32\SHLWAPI.dll
0x00007ff9d7ae0000 - 0x00007ff9d7aea000 	C:\Windows\SYSTEM32\VERSION.dll
0x00007ff9cef30000 - 0x00007ff9cef3c000 	C:\Users\user\.jdks\corretto-11.0.28\bin\vcruntime140_1.dll
0x00007ff9a6f00000 - 0x00007ff9a6f8d000 	C:\Users\user\.jdks\corretto-11.0.28\bin\msvcp140.dll
0x00007ff9514c0000 - 0x00007ff952085000 	C:\Users\user\.jdks\corretto-11.0.28\bin\server\jvm.dll
0x00007ff9d9960000 - 0x00007ff9d99cb000 	C:\Windows\System32\WS2_32.dll
0x00007ff9d8b80000 - 0x00007ff9d8b88000 	C:\Windows\System32\PSAPI.DLL
0x00007ff9ba870000 - 0x00007ff9ba897000 	C:\Windows\SYSTEM32\WINMM.dll
0x00007ff9d6b70000 - 0x00007ff9d6b82000 	C:\Windows\SYSTEM32\kernel.appcore.dll
0x00007ff9c9b80000 - 0x00007ff9c9b90000 	C:\Users\user\.jdks\corretto-11.0.28\bin\verify.dll
0x00007ff9d23f0000 - 0x00007ff9d25f1000 	C:\Windows\SYSTEM32\DBGHELP.DLL
0x00007ff9b6ab0000 - 0x00007ff9b6ae4000 	C:\Windows\SYSTEM32\dbgcore.DLL
0x00007ff9d8060000 - 0x00007ff9d80e2000 	C:\Windows\System32\bcryptPrimitives.dll
0x00007ff9bb540000 - 0x00007ff9bb568000 	C:\Users\user\.jdks\corretto-11.0.28\bin\java.dll
0x00007ff9c99e0000 - 0x00007ff9c99ea000 	C:\Users\user\.jdks\corretto-11.0.28\bin\jimage.dll
0x00007ff9c3e10000 - 0x00007ff9c3e1e000 	C:\Users\user\.jdks\corretto-11.0.28\bin\instrument.dll
0x00007ff9b9660000 - 0x00007ff9b9678000 	C:\Users\user\.jdks\corretto-11.0.28\bin\zip.dll
0x00007ff9d5d00000 - 0x00007ff9d64a5000 	C:\Windows\SYSTEM32\windows.storage.dll
0x00007ff9d8cb0000 - 0x00007ff9d9004000 	C:\Windows\System32\combase.dll
0x00007ff9d7940000 - 0x00007ff9d796b000 	C:\Windows\SYSTEM32\Wldp.dll
0x00007ff9d91a0000 - 0x00007ff9d926d000 	C:\Windows\System32\OLEAUT32.dll
0x00007ff9da170000 - 0x00007ff9da21d000 	C:\Windows\System32\SHCORE.dll
0x00007ff9d7f90000 - 0x00007ff9d7fb4000 	C:\Windows\SYSTEM32\profapi.dll
0x00007ff9b7c20000 - 0x00007ff9b7c39000 	C:\Users\user\.jdks\corretto-11.0.28\bin\net.dll
0x00007ff9c0570000 - 0x00007ff9c067a000 	C:\Windows\SYSTEM32\WINHTTP.dll
0x00007ff9d76a0000 - 0x00007ff9d770a000 	C:\Windows\system32\mswsock.dll
0x00007ff9b6bf0000 - 0x00007ff9b6c02000 	C:\Users\user\.jdks\corretto-11.0.28\bin\nio.dll
0x00007ff9c9a70000 - 0x00007ff9c9a97000 	C:\Users\user\.gradle\native\c067742578af261105cb4f569cf0c3c89f3d7b1fecec35dd04571415982c5e48\windows-amd64\native-platform.dll
0x00007ff99ff90000 - 0x00007ff9a00d4000 	C:\Users\user\.gradle\native\100fb08df4bc3b14c8652ba06237920a3bd2aa13389f12d3474272988ae205f9\windows-amd64\native-platform-file-events.dll
0x00007ff9c3e20000 - 0x00007ff9c3e29000 	C:\Users\user\.jdks\corretto-11.0.28\bin\management.dll
0x00007ff9bb530000 - 0x00007ff9bb53b000 	C:\Users\user\.jdks\corretto-11.0.28\bin\management_ext.dll
0x00007ff9d7890000 - 0x00007ff9d78a8000 	C:\Windows\SYSTEM32\CRYPTSP.dll
0x00007ff9d6fc0000 - 0x00007ff9d6ff8000 	C:\Windows\system32\rsaenh.dll
0x00007ff9d7f10000 - 0x00007ff9d7f3e000 	C:\Windows\SYSTEM32\USERENV.dll
0x00007ff9d78b0000 - 0x00007ff9d78bc000 	C:\Windows\SYSTEM32\CRYPTBASE.dll
0x00007ff9d7380000 - 0x00007ff9d73bb000 	C:\Windows\SYSTEM32\IPHLPAPI.DLL
0x00007ff9d9190000 - 0x00007ff9d9198000 	C:\Windows\System32\NSI.dll
0x00007ff9c3b20000 - 0x00007ff9c3b37000 	C:\Windows\SYSTEM32\dhcpcsvc6.DLL
0x00007ff9cb7c0000 - 0x00007ff9cb7dd000 	C:\Windows\SYSTEM32\dhcpcsvc.DLL
0x00007ff9d73c0000 - 0x00007ff9d748a000 	C:\Windows\SYSTEM32\DNSAPI.dll

dbghelp: loaded successfully - version: 4.0.5 - missing functions: none
symbol engine: initialized successfully - sym options: 0x614 - pdb path: .;C:\Users\user\.jdks\corretto-11.0.28\bin;C:\Windows\SYSTEM32;C:\Windows\WinSxS\amd64_microsoft.windows.common-controls_6595b64144ccf1df_6.0.19041.6456_none_60b8a6cb71f64256;C:\Program Files (x86)\360\Total Security\safemon;C:\Users\user\.jdks\corretto-11.0.28\bin\server;C:\Users\user\.gradle\native\c067742578af261105cb4f569cf0c3c89f3d7b1fecec35dd04571415982c5e48\windows-amd64;C:\Users\user\.gradle\native\100fb08df4bc3b14c8652ba06237920a3bd2aa13389f12d3474272988ae205f9\windows-amd64

VM Arguments:
jvm_args: --add-opens=java.base/java.util=ALL-UNNAMED --add-opens=java.base/java.lang=ALL-UNNAMED --add-opens=java.base/java.lang.invoke=ALL-UNNAMED --add-opens=java.prefs/java.util.prefs=ALL-UNNAMED --add-opens=java.base/java.nio.charset=ALL-UNNAMED --add-opens=java.base/java.net=ALL-UNNAMED --add-opens=java.base/java.util.concurrent.atomic=ALL-UNNAMED -XX:MaxMetaspaceSize=384m -XX:+HeapDumpOnOutOfMemoryError -Xms256m -Xmx512m -Dfile.encoding=UTF-8 -Duser.country=RU -Duser.language=ru -Duser.variant -javaagent:C:\Users\user\.gradle\wrapper\dists\gradle-8.8-bin\dl7vupf4psengwqhwktix4v1\gradle-8.8\lib\agents\gradle-instrumentation-agent-8.8.jar 
java_command: org.gradle.launcher.daemon.bootstrap.GradleDaemon 8.8
java_class_path (initial): C:\Users\user\.gradle\wrapper\dists\gradle-8.8-bin\dl7vupf4psengwqhwktix4v1\gradle-8.8\lib\gradle-launcher-8.8.jar
Launcher Type: SUN_STANDARD

[Global flags]
     intx CICompilerCount                          = 3                                         {product} {ergonomic}
   size_t CompressedClassSpaceSize                 = 394264576                                 {product} {ergonomic}
     uint ConcGCThreads                            = 1                                         {product} {ergonomic}
     uint G1ConcRefinementThreads                  = 4                                         {product} {ergonomic}
   size_t G1HeapRegionSize                         = 1048576                                   {product} {ergonomic}
    uintx GCDrainStackTargetSize                   = 64                                        {product} {ergonomic}
     bool HeapDumpOnOutOfMemoryError               = true                                   {manageable} {command line}
   size_t InitialHeapSize                          = 268435456                                 {product} {command line}
   size_t MarkStackSize                            = 4194304                                   {product} {ergonomic}
   size_t MaxHeapSize                              = 536870912                                 {product} {command line}
   size_t MaxMetaspaceSize                         = 402653184                                 {product} {command line}
   size_t MaxNewSize                               = 321912832                                 {product} {ergonomic}
   size_t MinHeapDeltaBytes                        = 1048576                                   {product} {ergonomic}
    uintx NonNMethodCodeHeapSize                   = 5830732                                {pd product} {ergonomic}
    uintx NonProfiledCodeHeapSize                  = 122913754                              {pd product} {ergonomic}
    uintx ProfiledCodeHeapSize                     = 122913754                              {pd product} {ergonomic}
    uintx ReservedCodeCacheSize                    = 251658240                              {pd product} {ergonomic}
     bool SegmentedCodeCache                       = true                                      {product} {ergonomic}
     bool UseCompressedClassPointers               = true                                 {lp64_product} {ergonomic}
     bool UseCompressedOops                        = true                                 {lp64_product} {ergonomic}
     bool UseG1GC                                  = true                                      {product} {ergonomic}
     bool UseLargePagesIndividualAllocation        = false                                  {pd product} {ergonomic}

Logging:
Log output configuration:
 #0: stdout all=warning uptime,level,tags
 #1: stderr all=off uptime,level,tags

Environment Variables:
JAVA_HOME=C:\Program Files\Eclipse Adoptium\jdk-11.0.27.6-hotspot\bin
PATH=C:\Program Files\Eclipse Adoptium\jdk-11.0.27.6-hotspot\bin;C:\Windows\system32;C:\Windows;C:\Windows\System32\Wbem;C:\Windows\System32\WindowsPowerShell\v1.0\;C:\Windows\System32\OpenSSH\;C:\Program Files\Git\cmd;C:\Program Files\PowerShell\7\;C:\Users\user\AppData\Local\Microsoft\WindowsApps;C:\Users\user\AppData\Local\Programs\Microsoft VS Code\bin;%JAVA_HOME%\bin;C:\Users\user\AppData\Local\JetBrains\Toolbox\scripts;
USERNAME=user
OS=Windows_NT
PROCESSOR_IDENTIFIER=Intel64 Family 6 Model 126 Stepping 5, GenuineIntel
TMP=C:\Users\user\AppData\Local\Temp
TEMP=C:\Users\user\AppData\Local\Temp



---------------  S Y S T E M  ---------------

OS: Windows 10 , 64 bit Build 19041 (10.0.19041.5915)
OS uptime: 3 days 0:41 hours

CPU:total 4 (initial active 4) (2 cores per cpu, 2 threads per core) family 6 model 126 stepping 5 microcode 0xa0, cmov, cx8, fxsr, mmx, sse, sse2, sse3, ssse3, sse4.1, sse4.2, popcnt, avx, avx2, aes, clmul, erms, 3dnowpref, lzcnt, ht, tsc, tscinvbit, bmi1, bmi2, adx, evex, sha, fma

Memory: 4k page, system-wide physical 7973M (396M free)
TotalPageFile size 10021M (AvailPageFile size 5M)
current process WorkingSet (physical memory assigned to process): 375M, peak: 377M
current process commit charge ("private bytes"): 462M, peak: 463M

vm_info: OpenJDK 64-Bit Server VM (11.0.28+6-LTS) for windows-amd64 JRE (11.0.28+6-LTS), built on Jul  8 2025 18:31:33 by "Administrator" with MS VC++ 16.10 / 16.11 (VS2019)

END.
